-------------------------------------------------------------------------------
Test set: movies.MovieTest
-------------------------------------------------------------------------------
Tests run: 1, Failures: 1, Errors: 0, Skipped: 0, Time elapsed: 0.23 s <<< FAILURE! - in movies.MovieTest
MovieTest(movies.MovieTest)  Time elapsed: 0.23 s  <<< FAILURE!
java.lang.AssertionError
	at movies.MovieTest.MovieTest(MovieTest.java:37)

